<?xml version="1.0" encoding="UTF-8"?>
<testng-results skipped="0" failed="0" ignored="0" total="1" passed="1">
  <reporter-output>
  </reporter-output>
  <suite name="Default suite" duration-ms="9139" started-at="2017-10-20T12:41:15Z" finished-at="2017-10-20T12:41:25Z">
    <groups>
    </groups>
    <test name="Default test" duration-ms="9139" started-at="2017-10-20T12:41:15Z" finished-at="2017-10-20T12:41:25Z">
      <class name="com.selenium.example.demo.TestClass">
        <test-method status="PASS" signature="print()[pri:0, instance:com.selenium.example.demo.TestClass@66a3ffec]" name="print" duration-ms="9119" started-at="2017-10-20T18:11:15Z" finished-at="2017-10-20T18:11:25Z">
          <reporter-output>
          </reporter-output>
        </test-method> <!-- print -->
      </class> <!-- com.selenium.example.demo.TestClass -->
    </test> <!-- Default test -->
  </suite> <!-- Default suite -->
</testng-results>
