<?xml version="1.0" encoding="UTF-8"?>
<testng-results skipped="0" failed="0" total="1" passed="1">
  <reporter-output>
  </reporter-output>
  <suite name="Suite" duration-ms="10348" started-at="2017-10-23T19:49:51Z" finished-at="2017-10-23T19:50:01Z">
    <groups>
    </groups>
    <test name="Test" duration-ms="10348" started-at="2017-10-23T19:49:51Z" finished-at="2017-10-23T19:50:01Z">
      <class name="com.selenium.example.demo.TestClass">
        <test-method status="PASS" signature="print()" name="print" duration-ms="10335" started-at="2017-10-23T19:49:51Z" finished-at="2017-10-23T19:50:01Z">
        </test-method>
      </class>
    </test>
  </suite>
</testng-results>
